<?xml version="1.0" encoding="UTF-8"?>
<testsuite xmlns:xsi="http://www.w3.org/2001/XMLSchema-instance" xsi:noNamespaceSchemaLocation="https://maven.apache.org/surefire/maven-surefire-plugin/xsd/surefire-test-report.xsd" name="org.alma.apigateway.AppTest" time="0.023" tests="1" errors="0" skipped="0" failures="0">
  <properties>
    <property name="sun.desktop" value="windows"/>
    <property name="awt.toolkit" value="sun.awt.windows.WToolkit"/>
    <property name="file.encoding.pkg" value="sun.io"/>
    <property name="java.specification.version" value="1.8"/>
    <property name="sun.cpu.isalist" value="amd64"/>
    <property name="sun.jnu.encoding" value="Cp1252"/>
    <property name="java.class.path" value="F:\vertx\temp\microservices-project\apigateway\target\test-classes;F:\vertx\temp\microservices-project\apigateway\target\classes;C:\Users\Fabrice\.m2\repository\junit\junit\4.11\junit-4.11.jar;C:\Users\Fabrice\.m2\repository\org\hamcrest\hamcrest-core\1.3\hamcrest-core-1.3.jar;C:\Users\Fabrice\.m2\repository\io\vertx\vertx-core\3.5.1\vertx-core-3.5.1.jar;C:\Users\Fabrice\.m2\repository\io\netty\netty-common\4.1.19.Final\netty-common-4.1.19.Final.jar;C:\Users\Fabrice\.m2\repository\io\netty\netty-buffer\4.1.19.Final\netty-buffer-4.1.19.Final.jar;C:\Users\Fabrice\.m2\repository\io\netty\netty-transport\4.1.19.Final\netty-transport-4.1.19.Final.jar;C:\Users\Fabrice\.m2\repository\io\netty\netty-handler\4.1.19.Final\netty-handler-4.1.19.Final.jar;C:\Users\Fabrice\.m2\repository\io\netty\netty-codec\4.1.19.Final\netty-codec-4.1.19.Final.jar;C:\Users\Fabrice\.m2\repository\io\netty\netty-handler-proxy\4.1.19.Final\netty-handler-proxy-4.1.19.Final.jar;C:\Users\Fabrice\.m2\repository\io\netty\netty-codec-socks\4.1.19.Final\netty-codec-socks-4.1.19.Final.jar;C:\Users\Fabrice\.m2\repository\io\netty\netty-codec-http\4.1.19.Final\netty-codec-http-4.1.19.Final.jar;C:\Users\Fabrice\.m2\repository\io\netty\netty-codec-http2\4.1.19.Final\netty-codec-http2-4.1.19.Final.jar;C:\Users\Fabrice\.m2\repository\io\netty\netty-resolver\4.1.19.Final\netty-resolver-4.1.19.Final.jar;C:\Users\Fabrice\.m2\repository\io\netty\netty-resolver-dns\4.1.19.Final\netty-resolver-dns-4.1.19.Final.jar;C:\Users\Fabrice\.m2\repository\io\netty\netty-codec-dns\4.1.19.Final\netty-codec-dns-4.1.19.Final.jar;C:\Users\Fabrice\.m2\repository\com\fasterxml\jackson\core\jackson-core\2.9.3\jackson-core-2.9.3.jar;C:\Users\Fabrice\.m2\repository\com\fasterxml\jackson\core\jackson-databind\2.9.3\jackson-databind-2.9.3.jar;C:\Users\Fabrice\.m2\repository\com\fasterxml\jackson\core\jackson-annotations\2.9.0\jackson-annotations-2.9.0.jar;C:\Users\Fabrice\.m2\repository\io\vertx\vertx-rx-java\3.5.1\vertx-rx-java-3.5.1.jar;C:\Users\Fabrice\.m2\repository\io\reactivex\rxjava\1.3.5\rxjava-1.3.5.jar;C:\Users\Fabrice\.m2\repository\io\vertx\vertx-web\3.5.1\vertx-web-3.5.1.jar;C:\Users\Fabrice\.m2\repository\io\vertx\vertx-auth-common\3.5.1\vertx-auth-common-3.5.1.jar;C:\Users\Fabrice\.m2\repository\io\vertx\vertx-bridge-common\3.5.1\vertx-bridge-common-3.5.1.jar;C:\Users\Fabrice\.m2\repository\io\vertx\vertx-service-proxy\3.5.1\vertx-service-proxy-3.5.1.jar;C:\Users\Fabrice\.m2\repository\io\vertx\vertx-sockjs-service-proxy\3.5.1\vertx-sockjs-service-proxy-3.5.1.jar;C:\Users\Fabrice\.m2\repository\io\vertx\vertx-codegen\3.5.1\vertx-codegen-3.5.1.jar;C:\Users\Fabrice\.m2\repository\org\mvel\mvel2\2.3.1.Final\mvel2-2.3.1.Final.jar;C:\Users\Fabrice\.m2\repository\io\vertx\vertx-lang-js\3.5.1\vertx-lang-js-3.5.1.jar;C:\Users\Fabrice\.m2\repository\io\vertx\vertx-hazelcast\3.5.1\vertx-hazelcast-3.5.1.jar;C:\Users\Fabrice\.m2\repository\com\hazelcast\hazelcast\3.8.2\hazelcast-3.8.2.jar;C:\Users\Fabrice\.m2\repository\io\vertx\vertx-service-discovery\3.5.1\vertx-service-discovery-3.5.1.jar;C:\Users\Fabrice\.m2\repository\io\vertx\vertx-circuit-breaker\3.5.1\vertx-circuit-breaker-3.5.1.jar;C:\Users\Fabrice\.m2\repository\org\hdrhistogram\HdrHistogram\2.1.9\HdrHistogram-2.1.9.jar;C:\Users\Fabrice\.m2\repository\io\vertx\vertx-config\3.5.1\vertx-config-3.5.1.jar;C:\Users\Fabrice\.m2\repository\io\vertx\vertx-health-check\3.5.1\vertx-health-check-3.5.1.jar;C:\Users\Fabrice\.m2\repository\org\slf4j\slf4j-api\1.7.22\slf4j-api-1.7.22.jar;C:\Users\Fabrice\.m2\repository\org\apache\logging\log4j\log4j-api\2.8\log4j-api-2.8.jar;C:\Users\Fabrice\.m2\repository\org\apache\logging\log4j\log4j-core\2.8\log4j-core-2.8.jar;C:\Users\Fabrice\.m2\repository\org\apache\logging\log4j\log4j-slf4j-impl\2.8\log4j-slf4j-impl-2.8.jar;C:\Users\Fabrice\.m2\repository\biz\paluch\logging\logstash-gelf\1.11.0\logstash-gelf-1.11.0.jar;C:\Users\Fabrice\.m2\repository\io\vertx\vertx-unit\3.5.1\vertx-unit-3.5.1.jar;C:\Users\Fabrice\.m2\repository\org\assertj\assertj-core\3.6.2\assertj-core-3.6.2.jar;C:\Users\Fabrice\.m2\repository\com\jayway\awaitility\awaitility\1.7.0\awaitility-1.7.0.jar;C:\Users\Fabrice\.m2\repository\org\hamcrest\hamcrest-library\1.3\hamcrest-library-1.3.jar;C:\Users\Fabrice\.m2\repository\cglib\cglib-nodep\3.1\cglib-nodep-3.1.jar;C:\Users\Fabrice\.m2\repository\org\objenesis\objenesis\2.1\objenesis-2.1.jar;C:\Users\Fabrice\.m2\repository\io\rest-assured\rest-assured\3.0.2\rest-assured-3.0.2.jar;C:\Users\Fabrice\.m2\repository\org\codehaus\groovy\groovy\2.4.6\groovy-2.4.6.jar;C:\Users\Fabrice\.m2\repository\org\codehaus\groovy\groovy-xml\2.4.6\groovy-xml-2.4.6.jar;C:\Users\Fabrice\.m2\repository\org\apache\httpcomponents\httpclient\4.5.2\httpclient-4.5.2.jar;C:\Users\Fabrice\.m2\repository\org\apache\httpcomponents\httpcore\4.4.4\httpcore-4.4.4.jar;C:\Users\Fabrice\.m2\repository\commons-logging\commons-logging\1.2\commons-logging-1.2.jar;C:\Users\Fabrice\.m2\repository\commons-codec\commons-codec\1.9\commons-codec-1.9.jar;C:\Users\Fabrice\.m2\repository\org\apache\httpcomponents\httpmime\4.5.1\httpmime-4.5.1.jar;C:\Users\Fabrice\.m2\repository\org\ccil\cowan\tagsoup\tagsoup\1.2.1\tagsoup-1.2.1.jar;C:\Users\Fabrice\.m2\repository\io\rest-assured\json-path\3.0.2\json-path-3.0.2.jar;C:\Users\Fabrice\.m2\repository\org\codehaus\groovy\groovy-json\2.4.6\groovy-json-2.4.6.jar;C:\Users\Fabrice\.m2\repository\io\rest-assured\rest-assured-common\3.0.2\rest-assured-common-3.0.2.jar;C:\Users\Fabrice\.m2\repository\io\rest-assured\xml-path\3.0.2\xml-path-3.0.2.jar;C:\Users\Fabrice\.m2\repository\org\apache\commons\commons-lang3\3.4\commons-lang3-3.4.jar;"/>
    <property name="java.vm.vendor" value="Oracle Corporation"/>
    <property name="sun.arch.data.model" value="64"/>
    <property name="user.variant" value=""/>
    <property name="java.vendor.url" value="http://java.oracle.com/"/>
    <property name="user.timezone" value=""/>
    <property name="java.vm.specification.version" value="1.8"/>
    <property name="os.name" value="Windows 10"/>
    <property name="user.country" value="FR"/>
    <property name="sun.java.launcher" value="SUN_STANDARD"/>
    <property name="sun.boot.library.path" value="C:\Program Files\Java\jdk1.8.0_152\jre\bin"/>
    <property name="sun.java.command" value="C:\Users\Fabrice\AppData\Local\Temp\surefire2535785743682323435\surefirebooter6177453541059311567.jar C:\Users\Fabrice\AppData\Local\Temp\surefire2535785743682323435 2018-05-24T19-35-56_585-jvmRun1 surefire4470362877298353491tmp surefire_0853088066582846672tmp"/>
    <property name="surefire.test.class.path" value="F:\vertx\temp\microservices-project\apigateway\target\test-classes;F:\vertx\temp\microservices-project\apigateway\target\classes;C:\Users\Fabrice\.m2\repository\junit\junit\4.11\junit-4.11.jar;C:\Users\Fabrice\.m2\repository\org\hamcrest\hamcrest-core\1.3\hamcrest-core-1.3.jar;C:\Users\Fabrice\.m2\repository\io\vertx\vertx-core\3.5.1\vertx-core-3.5.1.jar;C:\Users\Fabrice\.m2\repository\io\netty\netty-common\4.1.19.Final\netty-common-4.1.19.Final.jar;C:\Users\Fabrice\.m2\repository\io\netty\netty-buffer\4.1.19.Final\netty-buffer-4.1.19.Final.jar;C:\Users\Fabrice\.m2\repository\io\netty\netty-transport\4.1.19.Final\netty-transport-4.1.19.Final.jar;C:\Users\Fabrice\.m2\repository\io\netty\netty-handler\4.1.19.Final\netty-handler-4.1.19.Final.jar;C:\Users\Fabrice\.m2\repository\io\netty\netty-codec\4.1.19.Final\netty-codec-4.1.19.Final.jar;C:\Users\Fabrice\.m2\repository\io\netty\netty-handler-proxy\4.1.19.Final\netty-handler-proxy-4.1.19.Final.jar;C:\Users\Fabrice\.m2\repository\io\netty\netty-codec-socks\4.1.19.Final\netty-codec-socks-4.1.19.Final.jar;C:\Users\Fabrice\.m2\repository\io\netty\netty-codec-http\4.1.19.Final\netty-codec-http-4.1.19.Final.jar;C:\Users\Fabrice\.m2\repository\io\netty\netty-codec-http2\4.1.19.Final\netty-codec-http2-4.1.19.Final.jar;C:\Users\Fabrice\.m2\repository\io\netty\netty-resolver\4.1.19.Final\netty-resolver-4.1.19.Final.jar;C:\Users\Fabrice\.m2\repository\io\netty\netty-resolver-dns\4.1.19.Final\netty-resolver-dns-4.1.19.Final.jar;C:\Users\Fabrice\.m2\repository\io\netty\netty-codec-dns\4.1.19.Final\netty-codec-dns-4.1.19.Final.jar;C:\Users\Fabrice\.m2\repository\com\fasterxml\jackson\core\jackson-core\2.9.3\jackson-core-2.9.3.jar;C:\Users\Fabrice\.m2\repository\com\fasterxml\jackson\core\jackson-databind\2.9.3\jackson-databind-2.9.3.jar;C:\Users\Fabrice\.m2\repository\com\fasterxml\jackson\core\jackson-annotations\2.9.0\jackson-annotations-2.9.0.jar;C:\Users\Fabrice\.m2\repository\io\vertx\vertx-rx-java\3.5.1\vertx-rx-java-3.5.1.jar;C:\Users\Fabrice\.m2\repository\io\reactivex\rxjava\1.3.5\rxjava-1.3.5.jar;C:\Users\Fabrice\.m2\repository\io\vertx\vertx-web\3.5.1\vertx-web-3.5.1.jar;C:\Users\Fabrice\.m2\repository\io\vertx\vertx-auth-common\3.5.1\vertx-auth-common-3.5.1.jar;C:\Users\Fabrice\.m2\repository\io\vertx\vertx-bridge-common\3.5.1\vertx-bridge-common-3.5.1.jar;C:\Users\Fabrice\.m2\repository\io\vertx\vertx-service-proxy\3.5.1\vertx-service-proxy-3.5.1.jar;C:\Users\Fabrice\.m2\repository\io\vertx\vertx-sockjs-service-proxy\3.5.1\vertx-sockjs-service-proxy-3.5.1.jar;C:\Users\Fabrice\.m2\repository\io\vertx\vertx-codegen\3.5.1\vertx-codegen-3.5.1.jar;C:\Users\Fabrice\.m2\repository\org\mvel\mvel2\2.3.1.Final\mvel2-2.3.1.Final.jar;C:\Users\Fabrice\.m2\repository\io\vertx\vertx-lang-js\3.5.1\vertx-lang-js-3.5.1.jar;C:\Users\Fabrice\.m2\repository\io\vertx\vertx-hazelcast\3.5.1\vertx-hazelcast-3.5.1.jar;C:\Users\Fabrice\.m2\repository\com\hazelcast\hazelcast\3.8.2\hazelcast-3.8.2.jar;C:\Users\Fabrice\.m2\repository\io\vertx\vertx-service-discovery\3.5.1\vertx-service-discovery-3.5.1.jar;C:\Users\Fabrice\.m2\repository\io\vertx\vertx-circuit-breaker\3.5.1\vertx-circuit-breaker-3.5.1.jar;C:\Users\Fabrice\.m2\repository\org\hdrhistogram\HdrHistogram\2.1.9\HdrHistogram-2.1.9.jar;C:\Users\Fabrice\.m2\repository\io\vertx\vertx-config\3.5.1\vertx-config-3.5.1.jar;C:\Users\Fabrice\.m2\repository\io\vertx\vertx-health-check\3.5.1\vertx-health-check-3.5.1.jar;C:\Users\Fabrice\.m2\repository\org\slf4j\slf4j-api\1.7.22\slf4j-api-1.7.22.jar;C:\Users\Fabrice\.m2\repository\org\apache\logging\log4j\log4j-api\2.8\log4j-api-2.8.jar;C:\Users\Fabrice\.m2\repository\org\apache\logging\log4j\log4j-core\2.8\log4j-core-2.8.jar;C:\Users\Fabrice\.m2\repository\org\apache\logging\log4j\log4j-slf4j-impl\2.8\log4j-slf4j-impl-2.8.jar;C:\Users\Fabrice\.m2\repository\biz\paluch\logging\logstash-gelf\1.11.0\logstash-gelf-1.11.0.jar;C:\Users\Fabrice\.m2\repository\io\vertx\vertx-unit\3.5.1\vertx-unit-3.5.1.jar;C:\Users\Fabrice\.m2\repository\org\assertj\assertj-core\3.6.2\assertj-core-3.6.2.jar;C:\Users\Fabrice\.m2\repository\com\jayway\awaitility\awaitility\1.7.0\awaitility-1.7.0.jar;C:\Users\Fabrice\.m2\repository\org\hamcrest\hamcrest-library\1.3\hamcrest-library-1.3.jar;C:\Users\Fabrice\.m2\repository\cglib\cglib-nodep\3.1\cglib-nodep-3.1.jar;C:\Users\Fabrice\.m2\repository\org\objenesis\objenesis\2.1\objenesis-2.1.jar;C:\Users\Fabrice\.m2\repository\io\rest-assured\rest-assured\3.0.2\rest-assured-3.0.2.jar;C:\Users\Fabrice\.m2\repository\org\codehaus\groovy\groovy\2.4.6\groovy-2.4.6.jar;C:\Users\Fabrice\.m2\repository\org\codehaus\groovy\groovy-xml\2.4.6\groovy-xml-2.4.6.jar;C:\Users\Fabrice\.m2\repository\org\apache\httpcomponents\httpclient\4.5.2\httpclient-4.5.2.jar;C:\Users\Fabrice\.m2\repository\org\apache\httpcomponents\httpcore\4.4.4\httpcore-4.4.4.jar;C:\Users\Fabrice\.m2\repository\commons-logging\commons-logging\1.2\commons-logging-1.2.jar;C:\Users\Fabrice\.m2\repository\commons-codec\commons-codec\1.9\commons-codec-1.9.jar;C:\Users\Fabrice\.m2\repository\org\apache\httpcomponents\httpmime\4.5.1\httpmime-4.5.1.jar;C:\Users\Fabrice\.m2\repository\org\ccil\cowan\tagsoup\tagsoup\1.2.1\tagsoup-1.2.1.jar;C:\Users\Fabrice\.m2\repository\io\rest-assured\json-path\3.0.2\json-path-3.0.2.jar;C:\Users\Fabrice\.m2\repository\org\codehaus\groovy\groovy-json\2.4.6\groovy-json-2.4.6.jar;C:\Users\Fabrice\.m2\repository\io\rest-assured\rest-assured-common\3.0.2\rest-assured-common-3.0.2.jar;C:\Users\Fabrice\.m2\repository\io\rest-assured\xml-path\3.0.2\xml-path-3.0.2.jar;C:\Users\Fabrice\.m2\repository\org\apache\commons\commons-lang3\3.4\commons-lang3-3.4.jar;"/>
    <property name="sun.cpu.endian" value="little"/>
    <property name="user.home" value="C:\Users\Fabrice"/>
    <property name="user.language" value="fr"/>
    <property name="java.specification.vendor" value="Oracle Corporation"/>
    <property name="java.home" value="C:\Program Files\Java\jdk1.8.0_152\jre"/>
    <property name="basedir" value="F:\vertx\temp\microservices-project\apigateway"/>
    <property name="file.separator" value="\"/>
    <property name="line.separator" value="&#10;"/>
    <property name="java.vm.specification.vendor" value="Oracle Corporation"/>
    <property name="java.specification.name" value="Java Platform API Specification"/>
    <property name="java.awt.graphicsenv" value="sun.awt.Win32GraphicsEnvironment"/>
    <property name="surefire.real.class.path" value="C:\Users\Fabrice\AppData\Local\Temp\surefire2535785743682323435\surefirebooter6177453541059311567.jar"/>
    <property name="sun.boot.class.path" value="C:\Program Files\Java\jdk1.8.0_152\jre\lib\resources.jar;C:\Program Files\Java\jdk1.8.0_152\jre\lib\rt.jar;C:\Program Files\Java\jdk1.8.0_152\jre\lib\sunrsasign.jar;C:\Program Files\Java\jdk1.8.0_152\jre\lib\jsse.jar;C:\Program Files\Java\jdk1.8.0_152\jre\lib\jce.jar;C:\Program Files\Java\jdk1.8.0_152\jre\lib\charsets.jar;C:\Program Files\Java\jdk1.8.0_152\jre\lib\jfr.jar;C:\Program Files\Java\jdk1.8.0_152\jre\classes"/>
    <property name="user.script" value=""/>
    <property name="sun.management.compiler" value="HotSpot 64-Bit Tiered Compilers"/>
    <property name="java.runtime.version" value="1.8.0_152-b16"/>
    <property name="user.name" value="Fabrice"/>
    <property name="path.separator" value=";"/>
    <property name="os.version" value="10.0"/>
    <property name="java.endorsed.dirs" value="C:\Program Files\Java\jdk1.8.0_152\jre\lib\endorsed"/>
    <property name="java.runtime.name" value="Java(TM) SE Runtime Environment"/>
    <property name="file.encoding" value="Cp1252"/>
    <property name="java.vm.name" value="Java HotSpot(TM) 64-Bit Server VM"/>
    <property name="localRepository" value="C:\Users\Fabrice\.m2\repository"/>
    <property name="java.vendor.url.bug" value="http://bugreport.sun.com/bugreport/"/>
    <property name="java.io.tmpdir" value="C:\Users\Fabrice\AppData\Local\Temp\"/>
    <property name="java.version" value="1.8.0_152"/>
    <property name="user.dir" value="F:\vertx\temp\microservices-project\apigateway"/>
    <property name="os.arch" value="amd64"/>
    <property name="java.vm.specification.name" value="Java Virtual Machine Specification"/>
    <property name="java.awt.printerjob" value="sun.awt.windows.WPrinterJob"/>
    <property name="sun.os.patch.level" value=""/>
    <property name="java.library.path" value="C:\Program Files\Java\jdk1.8.0_152\jre\bin;C:\WINDOWS\Sun\Java\bin;C:\WINDOWS\system32;C:\WINDOWS;F:\IA\MachineLearning\python\Scripts\;F:\IA\MachineLearning\python\;C:\Program Files\nodejs\;F:\latex\Miketex\miktex\bin\x64\;C:\ProgramData\chocolatey\bin;C:\Program Files\Java\jdk1.8.0_152\bin;C:\Windows\System32;C:\WINDOWS\system32;C:\WINDOWS;C:\WINDOWS\System32\Wbem;C:\WINDOWS\System32\WindowsPowerShell\v1.0\;C:\Program Files\Git\cmd;;C:\WINDOWS\System32\OpenSSH\;C:\Program Files (x86)\Microsoft Visual Studio\2017\Community\VC\Tools\MSVC\14.11.25503\bin\Hostx64\x64;C:\Program Files\Java\jdk1.8.0_151\bin;C:\Program Files\NVIDIA GPU Computing Toolkit\CUDA\v9.0\bin;C:\Program Files (x86)\Microsoft Visual Studio\2017\Community\VC\Tools\MSVC\14.11.25503\include;C:\Program Files (x86)\Microsoft Visual Studio\2017\Community\VC\Tools\MSVC\14.11.25503\crt;C:\Users\Fabrice\AppData\Roaming\npm;F:\npm;C:\Users\Fabrice\AppData\Local\Microsoft\WindowsApps;C:\Program Files\Microsoft VS Code\bin;F:\kafka\zookeeper-3.4.11\bin;;C:\Program Files\Docker Toolbox;."/>
    <property name="java.vm.info" value="mixed mode"/>
    <property name="java.vendor" value="Oracle Corporation"/>
    <property name="java.vm.version" value="25.152-b16"/>
    <property name="java.ext.dirs" value="C:\Program Files\Java\jdk1.8.0_152\jre\lib\ext;C:\WINDOWS\Sun\Java\lib\ext"/>
    <property name="sun.io.unicode.encoding" value="UnicodeLittle"/>
    <property name="java.class.version" value="52.0"/>
  </properties>
  <testcase name="shouldAnswerWithTrue" classname="org.alma.apigateway.AppTest" time="0.001"/>
</testsuite>